total 0
drwxr-xr-x+ 3 root wheel 102 Nov  1  2011 AHCI_3rdParty_SATA.kext
drwxr-xr-x  3 root wheel 102 Aug 27  2015 ALF.kext
drwxr-xr-x  3 root wheel 102 Sep 17  2015 AMD2400Controller.kext
drwxr-xr-x  3 root wheel 102 Sep 17  2015 AMD2600Controller.kext
drwxr-xr-x  3 root wheel 102 Sep 17  2015 AMD3800Controller.kext
drwxr-xr-x  3 root wheel 102 Sep 17  2015 AMD4600Controller.kext
drwxr-xr-x  3 root wheel 102 Sep 17  2015 AMD4800Controller.kext
drwxr-xr-x  3 root wheel 102 Sep 17  2015 AMD5000Controller.kext
drwxr-xr-x  3 root wheel 102 Sep 17  2015 AMD6000Controller.kext
drwxr-xr-x  3 root wheel 102 Sep 17  2015 AMD7000Controller.kext
drwxr-xr-x  3 root wheel 102 Sep 17  2015 AMD8000Controller.kext
drwxr-xr-x  3 root wheel 102 Sep 17  2015 AMD9000Controller.kext
drwxr-xr-x  3 root wheel 102 Sep 17  2015 AMDFramebuffer.kext
drwxr-xr-x  3 root wheel 102 Sep 17  2015 AMDMTLBronzeDriver.bundle
drwxr-xr-x  3 root wheel 102 Sep 17  2015 AMDRadeonVADriver.bundle
drwxr-xr-x  3 root wheel 102 Sep 17  2015 AMDRadeonX3000.kext
drwxr-xr-x  3 root wheel 102 Sep 17  2015 AMDRadeonX3000GLDriver.bundle
drwxr-xr-x  3 root wheel 102 Sep 17  2015 AMDRadeonX4000.kext
drwxr-xr-x  3 root wheel 102 Sep 17  2015 AMDRadeonX4000GLDriver.bundle
drwxr-xr-x  3 root wheel 102 Sep 17  2015 AMDShared.bundle
drwxr-xr-x  3 root wheel 102 Sep 17  2015 AMDSupport.kext
drwxr-xr-x  3 root wheel 102 Sep 17  2015 ATIRadeonX2000.kext
drwxr-xr-x  3 root wheel 102 Sep 17  2015 ATIRadeonX2000GA.plugin
drwxr-xr-x  3 root wheel 102 Sep 17  2015 ATIRadeonX2000GLDriver.bundle
drwxr-xr-x  3 root wheel 102 Sep 17  2015 ATIRadeonX2000VADriver.bundle
drwxr-xr-x  3 root wheel 102 Sep 17  2015 Apple16X50Serial.kext
drwxr-xr-x  3 root wheel 102 Sep 17  2015 AppleACPIPlatform.kext
drwxr-xr-x  3 root wheel 102 Sep 17  2015 AppleAHCIPort.kext
drwxr-xr-x  3 root wheel 102 Aug 27  2015 AppleAPIC.kext
drwxr-xr-x  3 root wheel 102 Sep 17  2015 AppleBMC.kext
drwxr-xr-x  3 root wheel 102 Sep 17  2015 AppleBacklight.kext
drwxr-xr-x  6 root wheel 204 Oct 25 15:07 AppleBacklightExpert.kext
drwxr-xr-x  3 root wheel 102 Sep 17  2015 AppleBluetoothMultitouch.kext
drwxr-xr-x  3 root wheel 102 Aug 27  2015 AppleBluetoothRemote.kext
drwxr-xr-x  3 root wheel 102 Sep 17  2015 AppleCameraInterface.kext
drwxr-xr-x  3 root wheel 102 Aug 27  2015 AppleCredentialManager.kext
drwxr-xr-x  3 root wheel 102 Oct 19  2015 AppleDataSetManagement.kext
drwxr-xr-x  3 root wheel 102 Aug 27  2015 AppleEFIRuntime.kext
drwxr-xr-x  3 root wheel 102 Aug 27  2015 AppleFDEKeyStore.kext
drwxr-xr-x  3 root wheel 102 Aug 27  2015 AppleFIVRDriver.kext
drwxr-xr-x  3 root wheel 102 Aug 27  2015 AppleFSCompressionTypeDataless.kext
drwxr-xr-x  3 root wheel 102 Aug 27  2015 AppleFSCompressionTypeZlib.kext
drwxr-xr-x  3 root wheel 102 Aug 23  2015 AppleFWAudio.kext
drwxr-xr-x  3 root wheel 102 Aug 27  2015 AppleFileSystemDriver.kext
drwxr-xr-x  3 root wheel 102 Sep 17  2015 AppleGraphicsControl.kext
drwxr-xr-x  3 root wheel 102 Sep 17  2015 AppleGraphicsPowerManagement.kext
drwxr-xr-x  3 root wheel 102 Sep 17  2015 AppleHDA.kext
drwxr-xr-x  3 root wheel 102 Sep 17  2015 AppleHIDKeyboard.kext
drwxr-xr-x  3 root wheel 102 Sep 17  2015 AppleHIDMouse.kext
drwxr-xr-x  3 root wheel 102 Jun 29  2015 AppleHIDTransport.kext
drwxr-xr-x  3 root wheel 102 Aug 27  2015 AppleHPET.kext
drwxr-xr-x  3 root wheel 102 Sep 17  2015 AppleHPM.kext
drwxr-xr-x  3 root wheel 102 Sep 17  2015 AppleHSSPIHIDDriver.kext
drwxr-xr-x  3 root wheel 102 Sep 17  2015 AppleHSSPISupport.kext
drwxr-xr-x  3 root wheel 102 Aug 27  2015 AppleHV.kext
drwxr-xr-x  3 root wheel 102 Aug 27  2015 AppleHWSensor.kext
drwxr-xr-x  3 root wheel 102 Sep 17  2015 AppleIRController.kext
drwxr-xr-x  3 root wheel 102 Jun 29  2015 AppleInputDeviceSupport.kext
drwxr-xr-x  3 root wheel 102 Sep 17  2015 AppleIntelBDWGraphics.kext
drwxr-xr-x  3 root wheel 102 Sep 17  2015 AppleIntelBDWGraphicsFramebuffer.kext
drwxr-xr-x  3 root wheel 102 Sep 17  2015 AppleIntelBDWGraphicsGLDriver.bundle
drwxr-xr-x  3 root wheel 102 Sep 17  2015 AppleIntelBDWGraphicsMTLDriver.bundle
drwxr-xr-x  3 root wheel 102 Sep 17  2015 AppleIntelBDWGraphicsVADriver.bundle
drwxr-xr-x  3 root wheel 102 Sep 17  2015 AppleIntelBDWGraphicsVAME.bundle
drwxr-xr-x  3 root wheel 102 Aug 27  2015 AppleIntelCPUPowerManagement.kext
drwxr-xr-x  3 root wheel 102 Aug 27  2015 AppleIntelCPUPowerManagementClient.kext
drwxr-xr-x  3 root wheel 102 Sep 17  2015 AppleIntelFramebufferAzul.kext
drwxr-xr-x  3 root wheel 102 Sep 17  2015 AppleIntelFramebufferCapri.kext
drwxr-xr-x  3 root wheel 102 Sep 17  2015 AppleIntelGraphicsShared.bundle
drwxr-xr-x  3 root wheel 102 Sep 17  2015 AppleIntelHD3000Graphics.kext
drwxr-xr-x  3 root wheel 102 Sep 17  2015 AppleIntelHD3000GraphicsGA.plugin
drwxr-xr-x  3 root wheel 102 Sep 17  2015 AppleIntelHD3000GraphicsGLDriver.bundle
drwxr-xr-x  3 root wheel 102 Sep 17  2015 AppleIntelHD3000GraphicsVADriver.bundle
drwxr-xr-x  3 root wheel 102 Sep 17  2015 AppleIntelHD4000Graphics.kext
drwxr-xr-x  3 root wheel 102 Sep 17  2015 AppleIntelHD4000GraphicsGLDriver.bundle
drwxr-xr-x  3 root wheel 102 Sep 17  2015 AppleIntelHD4000GraphicsMTLDriver.bundle
drwxr-xr-x  3 root wheel 102 Sep 17  2015 AppleIntelHD4000GraphicsVADriver.bundle
drwxr-xr-x  3 root wheel 102 Sep 17  2015 AppleIntelHD5000Graphics.kext
drwxr-xr-x  3 root wheel 102 Sep 17  2015 AppleIntelHD5000GraphicsGLDriver.bundle
drwxr-xr-x  3 root wheel 102 Sep 17  2015 AppleIntelHD5000GraphicsMTLDriver.bundle
drwxr-xr-x  3 root wheel 102 Sep 17  2015 AppleIntelHD5000GraphicsVADriver.bundle
drwxr-xr-x  3 root wheel 102 Sep 17  2015 AppleIntelHDGraphics.kext
drwxr-xr-x  3 root wheel 102 Sep 17  2015 AppleIntelHDGraphicsFB.kext
drwxr-xr-x  3 root wheel 102 Sep 17  2015 AppleIntelHDGraphicsGA.plugin
drwxr-xr-x  3 root wheel 102 Sep 17  2015 AppleIntelHDGraphicsGLDriver.bundle
drwxr-xr-x  3 root wheel 102 Sep 17  2015 AppleIntelHDGraphicsVADriver.bundle
drwxr-xr-x  3 root wheel 102 Sep 17  2015 AppleIntelHSWVA.bundle
drwxr-xr-x  3 root wheel 102 Sep 17  2015 AppleIntelIVBVA.bundle
drwxr-xr-x  3 root wheel 102 Sep 17  2015 AppleIntelLpssDmac.kext
drwxr-xr-x  3 root wheel 102 Sep 17  2015 AppleIntelLpssGspi.kext
drwxr-xr-x  3 root wheel 102 Sep 17  2015 AppleIntelLpssI2C.kext
drwxr-xr-x  3 root wheel 102 Sep 17  2015 AppleIntelLpssI2CController.kext
drwxr-xr-x  3 root wheel 102 Sep 17  2015 AppleIntelLpssSpiController.kext
drwxr-xr-x  3 root wheel 102 Sep 17  2015 AppleIntelLpssUART.kext
drwxr-xr-x  3 root wheel 102 Jun 24 09:49 AppleIntelLpssUARTCommon.kext
drwxr-xr-x  3 root wheel 102 Jun 24 09:49 AppleIntelLpssUARTv0.kext
drwxr-xr-x  3 root wheel 102 Jun 24 09:49 AppleIntelLpssUARTv1.kext
drwxr-xr-x  3 root wheel 102 Aug 27  2015 AppleIntelMCEReporter.kext
drwxr-xr-x  3 root wheel 102 Sep 17  2015 AppleIntelPCHPMC.kext
drwxr-xr-x  3 root wheel 102 Dec 18  2015 AppleIntelSKLGraphics.kext
drwxr-xr-x  3 root wheel 102 Dec 18  2015 AppleIntelSKLGraphicsFramebuffer.kext
drwxr-xr-x  3 root wheel 102 Dec 18  2015 AppleIntelSKLGraphicsGLDriver.bundle
drwxr-xr-x  3 root wheel 102 Dec 18  2015 AppleIntelSKLGraphicsMTLDriver.bundle
drwxr-xr-x  3 root wheel 102 Dec 18  2015 AppleIntelSKLGraphicsVADriver.bundle
drwxr-xr-x  3 root wheel 102 Dec 18  2015 AppleIntelSKLGraphicsVAME.bundle
drwxr-xr-x  3 root wheel 102 Sep 17  2015 AppleIntelSNBGraphicsFB.kext
drwxr-xr-x  3 root wheel 102 Sep 17  2015 AppleIntelSNBVA.bundle
drwxr-xr-x  3 root wheel 102 Aug 27  2015 AppleIntelSlowAdaptiveClocking.kext
drwxr-xr-x  3 root wheel 102 Sep 17  2015 AppleKextExcludeList.kext
drwxr-xr-x  3 root wheel 102 Aug 27  2015 AppleKeyStore.kext
drwxr-xr-x  3 root wheel 102 Aug 27  2015 AppleKeyswitch.kext
drwxr-xr-x  3 root wheel 102 Sep 17  2015 AppleLPC.kext
drwxr-xr-x  3 root wheel 102 Sep 17  2015 AppleLSIFusionMPT.kext
drwxr-xr-x  3 root wheel 102 Sep 17  2015 AppleMCCSControl.kext
drwxr-xr-x  3 root wheel 102 Sep 17  2015 AppleMCP89RootPortPM.kext
drwxr-xr-x  3 root wheel 102 Aug 23  2015 AppleMIDIBluetoothDriver.plugin
drwxr-xr-x  3 root wheel 102 Aug 23  2015 AppleMIDIFWDriver.plugin
drwxr-xr-x  3 root wheel 102 Aug 23  2015 AppleMIDIIACDriver.plugin
drwxr-xr-x  3 root wheel 102 Aug 23  2015 AppleMIDIRTPDriver.plugin
drwxr-xr-x  3 root wheel 102 Aug 23  2015 AppleMIDIUSBDriver.plugin
drwxr-xr-x  3 root wheel 102 Aug 27  2015 AppleMatch.kext
drwxr-xr-x  3 root wheel 102 Aug 27  2015 AppleMikeyHIDDriver.kext
drwxr-xr-x  3 root wheel 102 Sep 13  2014 AppleMobileDevice.kext
drwxr-xr-x  3 root wheel 102 Aug 27  2015 AppleMobileFileIntegrity.kext
drwxr-xr-x  3 root wheel 102 Sep 17  2015 AppleMultitouchDriver.kext
drwxr-xr-x  3 root wheel 102 Sep 17  2015 AppleOSXUSBNCM.kext
drwxr-xr-x  3 root wheel 102 Sep 17  2015 AppleOSXWatchdog.kext
drwxr-xr-x  3 root wheel 102 Aug 27  2015 ApplePlatformEnabler.kext
drwxr-xr-x  3 root wheel 102 Aug 27  2015 AppleRAID.kext
drwxr-xr-x  3 root wheel 102 Sep 17  2015 AppleRAIDCard.kext
drwxr-xr-x  3 root wheel 102 Aug 27  2015 AppleRTC.kext
drwxr-xr-x  3 root wheel 102 Sep 17  2015 AppleSDXC.kext
drwxr-xr-x  3 root wheel 102 Aug 27  2015 AppleSEP.kext
drwxr-xr-x  3 root wheel 102 Aug 27  2015 AppleSMBIOS.kext
drwxr-xr-x  3 root wheel 102 Sep 17  2015 AppleSMBusController.kext
drwxr-xr-x  3 root wheel 102 Sep 17  2015 AppleSMBusPCI.kext
drwxr-xr-x  3 root wheel 102 Aug 27  2015 AppleSMC.kext
drwxr-xr-x  3 root wheel 102 Sep 17  2015 AppleSMCLMU.kext
drwxr-xr-x  3 root wheel 102 Aug 27  2015 AppleSRP.kext
drwxr-xr-x  3 root wheel 102 Aug 27  2015 AppleSmartBatteryManager.kext
drwxr-xr-x  3 root wheel 102 Sep 17  2015 AppleStorageDrivers.kext
drwxr-xr-x  3 root wheel 102 Aug 27  2015 AppleThunderboltDPAdapters.kext
drwxr-xr-x  3 root wheel 102 Aug 27  2015 AppleThunderboltEDMService.kext
drwxr-xr-x  3 root wheel 102 Sep 17  2015 AppleThunderboltIP.kext
drwxr-xr-x  3 root wheel 102 Sep 17  2015 AppleThunderboltNHI.kext
drwxr-xr-x  3 root wheel 102 Sep 17  2015 AppleThunderboltPCIAdapters.kext
drwxr-xr-x  3 root wheel 102 Aug 27  2015 AppleThunderboltUTDM.kext
drwxr-xr-x  3 root wheel 102 Sep 17  2015 AppleTopCase.kext
drwxr-xr-x  3 root wheel 102 Sep 19  2014 AppleTyMCEDriver.bak
drwxr-xr-x  3 root wheel 102 Sep 17  2015 AppleTyMCEDriver.kext
drwxr-xr-x  3 root wheel 102 Sep 17  2015 AppleUSBACM.kext
drwxr-xr-x  3 root wheel 102 Sep 17  2015 AppleUSBAudio.kext
drwxr-xr-x  3 root wheel 102 Sep 17  2015 AppleUSBCDC.kext
drwxr-xr-x  3 root wheel 102 Sep 17  2015 AppleUSBDMM.kext
drwxr-xr-x  3 root wheel 102 Sep 17  2015 AppleUSBDisplays.kext
drwxr-xr-x  3 root wheel 102 Sep 17  2015 AppleUSBECM.kext
drwxr-xr-x  3 root wheel 102 Sep 17  2015 AppleUSBEEM.kext
drwxr-xr-x  3 root wheel 102 Sep 17  2015 AppleUSBEthernet.kext
drwxr-xr-x  3 root wheel 102 Sep 17  2015 AppleUSBEthernetHost.kext
drwxr-xr-x  3 root wheel 102 Sep 17  2015 AppleUSBFTDI.kext
drwxr-xr-x  3 root wheel 102 Sep 17  2015 AppleUSBMultitouch.kext
drwxr-xr-x  3 root wheel 102 Sep 17  2015 AppleUSBNCM.kext
drwxr-xr-x  3 root wheel 102 Sep 17  2015 AppleUSBNetworking.kext
drwxr-xr-x  3 root wheel 102 Sep 17  2015 AppleUSBTopCase.kext
drwxr-xr-x  3 root wheel 102 Sep 17  2015 AppleUSBWCM.kext
drwxr-xr-x  3 root wheel 102 Sep 17  2015 AppleUpstreamUserClient.kext
drwxr-xr-x  3 root wheel 102 Aug 29  2015 AppleVADriver.bundle
drwxr-xr-x  3 root wheel 102 Sep 17  2015 AppleWWANAutoEject.kext
drwxr-xr-x  3 root wheel 102 Aug 27  2015 AppleXsanScheme.kext
drwxr-xr-x  3 root wheel 102 Sep 17  2015 Apple_iSight.kext
drwxr-xr-x  6 root wheel 204 Oct 25 15:07 AudioAUUC.kext
drwxr-xr-x  3 root wheel 102 Aug 27  2015 BootCache.kext
drwxr-xr-x  3 root wheel 102 Feb  3  2016 CUDA.kext
drwxr-xr-x  3 root wheel 102 Sep 17  2015 CellPhoneHelper.kext
drwxr-xr-x  3 root wheel 102 May 15  2012 ControllerMate.kext
drwxr-xr-x  3 root wheel 102 Aug 27  2015 CoreCaptureResponder.kext
drwxr-xr-x  3 root wheel 102 Aug 27  2015 CoreStorage.kext
drwxr-xr-x  3 root wheel 102 Aug 27  2015 DSACL.ppp
drwxr-xr-x  3 root wheel 102 Aug 27  2015 DSAuth.ppp
drwxr-xr-x  3 root wheel 102 Aug 23  2015 DVFamily.bundle
drwxr-xr-x  3 root wheel 102 Aug 27  2015 Dont Steal Mac OS X.kext
drwxr-xr-x  3 root wheel 102 Aug 27  2015 EAP-KRB.ppp
drwxr-xr-x  3 root wheel 102 Aug 23  2015 EAP-RSA.ppp
drwxr-xr-x  3 root wheel 102 Aug 27  2015 EAP-TLS.ppp
drwxr-xr-x  3 root wheel 102 Dec 20  2014 FakeSMC.kext
drwxr-xr-x  3 root wheel 102 Mar 18  2016 FakeSMC_ACPISensors.kext
drwxr-xr-x  3 root wheel 102 Mar 18  2016 FakeSMC_CPUSensors.kext
drwxr-xr-x  3 root wheel 102 Mar 18  2016 FakeSMC_GPUSensors.kext
drwxr-xr-x  3 root wheel 102 Mar 18  2016 FakeSMC_LPCSensors.kext
drwxr-xr-x  3 root wheel 102 Sep 17  2015 GeForce.kext
drwxr-xr-x  3 root wheel 102 Sep 17  2015 GeForceAIRPlugin.bundle
drwxr-xr-x  3 root wheel 102 Oct 25 08:14 GeForceAIRPluginWeb.bundle
drwxr-xr-x  3 root wheel 102 Sep 17  2015 GeForceGA.plugin
drwxr-xr-x  3 root wheel 102 Sep 17  2015 GeForceGLDriver.bundle
drwxr-xr-x  3 root wheel 102 Oct 25 08:14 GeForceGLDriverWeb.bundle
drwxr-xr-x  3 root wheel 102 Sep 17  2015 GeForceMTLDriver.bundle
drwxr-xr-x  3 root wheel 102 Oct 25 08:14 GeForceMTLDriverWeb.bundle
drwxr-xr-x  3 root wheel 102 Sep 17  2015 GeForceTesla.kext
drwxr-xr-x  3 root wheel 102 Oct 25 07:58 GeForceTeslaGAWeb.plugin
drwxr-xr-x  3 root wheel 102 Sep 17  2015 GeForceTeslaGLDriver.bundle
drwxr-xr-x  3 root wheel 102 Oct 25 07:58 GeForceTeslaGLDriverWeb.bundle
drwxr-xr-x  3 root wheel 102 Sep 17  2015 GeForceTeslaVADriver.bundle
drwxr-xr-x  3 root wheel 102 Oct 25 07:58 GeForceTeslaVADriverWeb.bundle
drwxr-xr-x  3 root wheel 102 Oct 25 07:58 GeForceTeslaWeb.kext
drwxr-xr-x  3 root wheel 102 Sep 17  2015 GeForceVADriver.bundle
drwxr-xr-x  3 root wheel 102 Oct 25 08:14 GeForceVADriverWeb.bundle
drwxr-xr-x  3 root wheel 102 Oct 25 08:14 GeForceWeb.kext
drwxr-xr-x  3 root wheel 102 Mar  9  2016 GenericUSBXHCI.kext
drwxr-xr-x+ 3 root wheel 102 Oct  8  2012 HDAEnabler1.bak
drwxr-xr-x  3 root wheel 102 Jan 30  2015 HDMIAudio.kext
drwxr-xr-x  3 root wheel 102 Sep 17  2015 IO80211Family.kext
drwxr-xr-x  3 root wheel 102 Aug 27  2015 IOACPIFamily.kext
drwxr-xr-x  3 root wheel 102 Aug 27  2015 IOAHCIFamily.kext
drwxr-xr-x  3 root wheel 102 Sep 17  2015 IOATAFamily.kext
drwxr-xr-x  3 root wheel 102 Aug 27  2015 IOAVBFamily.kext
drwxr-xr-x  3 root wheel 102 Aug 27  2015 IOAccelerator2D.plugin
drwxr-xr-x  3 root wheel 102 Sep 17  2015 IOAcceleratorFamily.kext
drwxr-xr-x  3 root wheel 102 Sep 17  2015 IOAcceleratorFamily2.kext
drwxr-xr-x  3 root wheel 102 Aug 27  2015 IOAudioFamily.kext
drwxr-xr-x  3 root wheel 102 Aug 27  2015 IOBDStorageFamily.kext
drwxr-xr-x  3 root wheel 102 Sep 17  2015 IOBluetoothFamily.kext
drwxr-xr-x  3 root wheel 102 Sep 17  2015 IOBluetoothHIDDriver.kext
drwxr-xr-x  3 root wheel 102 Aug 27  2015 IOCDStorageFamily.kext
drwxr-xr-x  3 root wheel 102 Aug 27  2015 IODVDStorageFamily.kext
drwxr-xr-x  3 root wheel 102 Aug 23  2015 IOFireWireAVC.kext
drwxr-xr-x  3 root wheel 102 Sep 17  2015 IOFireWireFamily.kext
drwxr-xr-x  3 root wheel 102 Aug 27  2015 IOFireWireIP.kext
drwxr-xr-x  3 root wheel 102 Aug 23  2015 IOFireWireSBP2.kext
drwxr-xr-x  3 root wheel 102 Aug 27  2015 IOFireWireSerialBusProtocolTransport.kext
drwxr-xr-x  6 root wheel 204 Oct 25 15:07 IOGraphicsFamily.kext
drwxr-xr-x  3 root wheel 102 Aug 27  2015 IOHDIXController.kext
drwxr-xr-x  3 root wheel 102 Aug 27  2015 IOHIDFamily.kext
drwxr-xr-x  6 root wheel 204 Oct 25 15:07 IONDRVSupport.kext
drwxr-xr-x  3 root wheel 102 Sep 17  2015 IONVMeFamily.kext
drwxr-xr-x  3 root wheel 102 Oct 25 15:19 IONetworkingFamily.kext
drwxr-xr-x  6 root wheel 204 Oct 25 15:07 IOPCIFamily.kext
drwxr-xr-x  3 root wheel 102 Sep 17  2015 IOPlatformPluginFamily.kext
drwxr-xr-x  3 root wheel 102 Aug 27  2015 IOReportFamily.kext
drwxr-xr-x  3 root wheel 102 Aug 27  2015 IOSCSIArchitectureModelFamily.kext
drwxr-xr-x  3 root wheel 102 Aug 27  2015 IOSCSIParallelFamily.kext
drwxr-xr-x  3 root wheel 102 Aug 27  2015 IOSMBusFamily.kext
drwxr-xr-x  3 root wheel 102 Sep 17  2015 IOSerialFamily.kext
drwxr-xr-x  3 root wheel 102 Aug 27  2015 IOSlowAdaptiveClockingFamily.kext
drwxr-xr-x  3 root wheel 102 Aug 27  2015 IOStorageFamily.kext
drwxr-xr-x  3 root wheel 102 Aug 27  2015 IOStreamFamily.kext
drwxr-xr-x  3 root wheel 102 Aug 27  2015 IOSurface.kext
drwxr-xr-x  3 root wheel 102 Aug 23  2015 IOThunderboltFamily.kext
drwxr-xr-x  3 root wheel 102 Aug 27  2015 IOTimeSyncFamily.kext
drwxr-xr-x  3 root wheel 102 Sep 17  2015 IOUSBAttachedSCSI.kext
drwxr-xr-x  3 root wheel 102 Sep 17  2015 IOUSBFamily.kext
drwxr-xr-x  3 root wheel 102 Sep 17  2015 IOUSBHostFamily.kext
drwxr-xr-x  3 root wheel 102 Sep 17  2015 IOUSBMassStorageClass.kext
drwxr-xr-x  3 root wheel 102 Sep 17  2015 IOUSBMassStorageDriver.kext
drwxr-xr-x  3 root wheel 102 Aug 27  2015 IOUserEthernet.kext
drwxr-xr-x  3 root wheel 102 Aug 27  2015 IOVideoFamily.kext
drwxr-xr-x  3 root wheel 102 May 22  2012 JMicronATA.kext
drwxr-xr-x  3 root wheel 102 Aug 27  2015 L2TP.ppp
drwxr-xr-x  3 root wheel 102 Aug 27  2015 Libm.kext
drwxr-xr-x  3 root wheel 102 Oct 18 00:26 LogiWheelForceFeedback.kext
drwxr-xr-x  3 root wheel 102 Sep 17  2015 NVDAGF100Hal.kext
drwxr-xr-x  3 root wheel 102 Oct 25 07:35 NVDAGF100HalWeb.kext
drwxr-xr-x  3 root wheel 102 Sep 17  2015 NVDAGK100Hal.kext
drwxr-xr-x  3 root wheel 102 Oct 25 07:35 NVDAGK100HalWeb.kext
drwxr-xr-x  3 root wheel 102 Oct 25 07:35 NVDAGM100HalWeb.kext
drwxr-xr-x  3 root wheel 102 Sep 17  2015 NVDANV50HalTesla.kext
drwxr-xr-x  3 root wheel 102 Oct 25 07:30 NVDANV50HalTeslaWeb.kext
drwxr-xr-x  3 root wheel 102 Sep 17  2015 NVDAResman.kext
drwxr-xr-x  3 root wheel 102 Sep 17  2015 NVDAResmanTesla.kext
drwxr-xr-x  3 root wheel 102 Oct 25 07:30 NVDAResmanTeslaWeb.kext
drwxr-xr-x  3 root wheel 102 Oct 25 07:35 NVDAResmanWeb.kext
drwxr-xr-x  3 root wheel 102 Sep 17  2015 NVDAStartup.kext
drwxr-xr-x  3 root wheel 102 Oct 25 07:35 NVDAStartupWeb.kext
drwxr-xr-x  3 root wheel 102 Aug 23  2015 NVMeSMARTLib.plugin
drwxr-xr-x  3 root wheel 102 Sep 17  2015 NVSMU.kext
drwxr-xr-x  3 root wheel 102 Oct 15  2013 NullCPUPowerManagement.bak
drwxr-xr-x  3 root wheel 102 Aug 27  2015 OSvKernDSPLib.kext
drwxr-xr-x  3 root wheel 102 Aug 27  2015 PPP.kext
drwxr-xr-x  3 root wheel 102 Aug 23  2015 PPPSerial.ppp
drwxr-xr-x  3 root wheel 102 Aug 27  2015 PPPoE.ppp
drwxr-xr-x  3 root wheel 102 Aug 27  2015 PPTP.ppp
drwxr-xr-x  3 root wheel 102 Aug 27  2015 Quarantine.kext
drwxr-xr-x  3 root wheel 102 Aug 27  2015 Radius.ppp
drwxr-xr-x+ 3 root wheel 102 Sep 28  2011 RealtekRTL81xx.kext
drwxr-xr-x  3 root wheel 102 Sep 26  2015 RemoteVirtualInterface.kext
drwxr-xr-x  3 root wheel 102 Aug 23  2015 SMARTLib.plugin
drwxr-xr-x  3 root wheel 102 Aug 27  2015 SMCMotionSensor.kext
drwxr-xr-x  3 root wheel 102 Aug 27  2015 Sandbox.kext
drwxr-xr-x  6 root wheel 204 Oct 25 15:07 System.kext
drwxr-xr-x  3 root wheel 102 Aug 27  2015 TMSafetyNet.kext
drwxr-xr-x  3 root wheel 102 Oct  5  2012 TelestreamAudio.kext
drwxr-xr-x  3 root wheel 102 Aug 27  2015 acfs.kext
drwxr-xr-x  3 root wheel 102 Aug 27  2015 acfsctl.kext
drwxr-xr-x  3 root wheel 102 Aug 27  2015 autofs.kext
drwxr-xr-x  3 root wheel 102 Aug 27  2015 cd9660.kext
drwxr-xr-x  3 root wheel 102 Aug 27  2015 cddafs.kext
drwxr-xr-x  3 root wheel 102 Aug 27  2015 corecapture.kext
drwxr-xr-x  3 root wheel 102 Aug 27  2015 corecrypto.kext
drwxr-xr-x  3 root wheel 102 Aug 27  2015 exfat.kext
drwxr-xr-x  3 root wheel 102 Aug 27  2015 iPodDriver.kext
drwxr-xr-x  3 root wheel 102 Aug 27  2015 mcxalr.kext
drwxr-xr-x  3 root wheel 102 Aug 27  2015 msdosfs.kext
drwxr-xr-x  3 root wheel 102 Aug 27  2015 ntfs.kext
drwxr-xr-x  3 root wheel 102 Aug 27  2015 pmtelemetry.kext
drwxr-xr-x  3 root wheel 102 Aug 27  2015 pthread.kext
drwxr-xr-x  3 root wheel 102 Aug 27  2015 smbfs.kext
drwxr-xr-x  4 root wheel 136 Sep  9  2013 ssuddrv.kext
drwxr-xr-x  3 root wheel 102 Aug 27  2015 triggers.kext
drwxr-xr-x  3 root wheel 102 Aug 27  2015 udf.kext
drwxr-xr-x  3 root wheel 102 Aug 27  2015 vecLib.kext
drwxr-xr-x  3 root wheel 102 Aug 28  2015 webcontentfilter.kext
drwxr-xr-x  3 root wheel 102 Aug 27  2015 webdav_fs.kext
